-- The C compiler identification is GNU 13.3.0
-- The CXX compiler identification is GNU 13.3.0
-- Detecting C compiler ABI info
-- Detecting C compiler ABI info - done
-- Check for working C compiler: /usr/bin/cc - skipped
-- Detecting C compile features
-- Detecting C compile features - done
-- Detecting CXX compiler ABI info
-- Detecting CXX compiler ABI info - done
-- Check for working CXX compiler: /usr/bin/c++ - skipped
-- Detecting CXX compile features
-- Detecting CXX compile features - done
-- Found ament_cmake: 2.5.6 (/opt/ros/jazzy/share/ament_cmake/cmake)
-- Found Python3: /usr/bin/python3 (found version "3.12.3") found components: Interpreter 
-- Found rclcpp: 28.1.18 (/opt/ros/jazzy/share/rclcpp/cmake)
-- Found rosidl_generator_c: 4.6.7 (/opt/ros/jazzy/share/rosidl_generator_c/cmake)
-- Found rosidl_generator_cpp: 4.6.7 (/opt/ros/jazzy/share/rosidl_generator_cpp/cmake)
-- Using all available rosidl_typesupport_c: rosidl_typesupport_fastrtps_c;rosidl_typesupport_introspection_c
-- Using all available rosidl_typesupport_cpp: rosidl_typesupport_fastrtps_cpp;rosidl_typesupport_introspection_cpp
-- Found rmw_implementation_cmake: 7.3.3 (/opt/ros/jazzy/share/rmw_implementation_cmake/cmake)
-- Found rmw_fastrtps_cpp: 8.4.3 (/opt/ros/jazzy/share/rmw_fastrtps_cpp/cmake)
-- Found OpenSSL: /usr/lib/aarch64-linux-gnu/libcrypto.so (found version "3.0.13")  
-- Found FastRTPS: /opt/ros/jazzy/include (Required is at least version "2.13") 
-- Using RMW implementation 'rmw_fastrtps_cpp' as default
-- Found std_msgs: 5.3.7 (/opt/ros/jazzy/share/std_msgs/cmake)
-- Found trajectory_msgs: 5.3.7 (/opt/ros/jazzy/share/trajectory_msgs/cmake)
-- Found moveit_ros_planning_interface: 2.12.4 (/opt/ros/jazzy/share/moveit_ros_planning_interface/cmake)
-- Found Boost: /usr/lib/aarch64-linux-gnu/cmake/Boost-1.83.0/BoostConfig.cmake (found version "1.83.0") found components: date_time filesystem program_options system thread 
-- Found Boost: /usr/lib/aarch64-linux-gnu/cmake/Boost-1.83.0/BoostConfig.cmake (found version "1.83.0") found components: chrono date_time filesystem iostreams program_options regex serialization system thread 
-- Found parameter_traits: 0.7.1 (/opt/ros/jazzy/share/parameter_traits/cmake)
-- Found rclcpp_lifecycle: 28.1.18 (/opt/ros/jazzy/share/rclcpp_lifecycle/cmake)
-- Found Boost: /usr/lib/aarch64-linux-gnu/cmake/Boost-1.83.0/BoostConfig.cmake (found version "1.83.0") found components: filesystem 
-- Found Eigen3: TRUE (found version "3.4.0") 
-- Ensuring Eigen3 include directory is part of orocos-kdl CMake target
-- Found Boost: /usr/lib/aarch64-linux-gnu/cmake/Boost-1.83.0/BoostConfig.cmake (found version "1.83.0") found components: system filesystem date_time program_options thread chrono 
-- Found Boost: /usr/lib/aarch64-linux-gnu/cmake/Boost-1.83.0/BoostConfig.cmake (found version "1.83.0") found components: thread system filesystem regex date_time program_options 
-- Found Boost: /usr/lib/aarch64-linux-gnu/cmake/Boost-1.83.0/BoostConfig.cmake (found version "1.83.0") found components: system filesystem date_time program_options thread 
-- Configuring done (2.2s)
-- Generating done (0.0s)
-- Build files have been written to: /home/iku/ur5e_ws/src/ur5e_surface_path/build/ur5e_surface_path
[ 25%] [32mBuilding CXX object CMakeFiles/trace_cube.dir/src/trace_cube.cpp.o[0m
[ 50%] [32mBuilding CXX object CMakeFiles/hello_moveit.dir/src/hello_moveit.cpp.o[0m
[ 75%] [32m[1mLinking CXX executable hello_moveit[0m
[ 75%] Built target hello_moveit
[100%] [32m[1mLinking CXX executable trace_cube[0m
[100%] Built target trace_cube
-- Install configuration: ""
-- Installing: /home/iku/ur5e_ws/src/ur5e_surface_path/install/ur5e_surface_path/lib/ur5e_surface_path/hello_moveit
-- Set non-toolchain portion of runtime path of "/home/iku/ur5e_ws/src/ur5e_surface_path/install/ur5e_surface_path/lib/ur5e_surface_path/hello_moveit" to ""
-- Installing: /home/iku/ur5e_ws/src/ur5e_surface_path/install/ur5e_surface_path/lib/ur5e_surface_path/trace_cube
-- Set non-toolchain portion of runtime path of "/home/iku/ur5e_ws/src/ur5e_surface_path/install/ur5e_surface_path/lib/ur5e_surface_path/trace_cube" to ""
-- Installing: /home/iku/ur5e_ws/src/ur5e_surface_path/install/ur5e_surface_path/share/ur5e_surface_path/launch
-- Installing: /home/iku/ur5e_ws/src/ur5e_surface_path/install/ur5e_surface_path/share/ur5e_surface_path/launch/ur5e_cube_moveit.launch.py
-- Installing: /home/iku/ur5e_ws/src/ur5e_surface_path/install/ur5e_surface_path/share/ur5e_surface_path/urdf
-- Installing: /home/iku/ur5e_ws/src/ur5e_surface_path/install/ur5e_surface_path/share/ur5e_surface_path/urdf/ur5e_cube.urdf.xacro
-- Installing: /home/iku/ur5e_ws/src/ur5e_surface_path/install/ur5e_surface_path/share/ur5e_surface_path/config
-- Installing: /home/iku/ur5e_ws/src/ur5e_surface_path/install/ur5e_surface_path/share/ur5e_surface_path/meshes
-- Installing: /home/iku/ur5e_ws/src/ur5e_surface_path/install/ur5e_surface_path/share/ur5e_surface_path/meshes/50cmCube.stl
-- Installing: /home/iku/ur5e_ws/src/ur5e_surface_path/install/ur5e_surface_path/share/ur5e_surface_path/meshes/tinkercadCube.stl
-- Installing: /home/iku/ur5e_ws/src/ur5e_surface_path/install/ur5e_surface_path/share/ur5e_surface_path/worlds
-- Installing: /home/iku/ur5e_ws/src/ur5e_surface_path/install/ur5e_surface_path/share/ur5e_surface_path/rviz
-- Installing: /home/iku/ur5e_ws/src/ur5e_surface_path/install/ur5e_surface_path/share/ament_index/resource_index/package_run_dependencies/ur5e_surface_path
-- Installing: /home/iku/ur5e_ws/src/ur5e_surface_path/install/ur5e_surface_path/share/ament_index/resource_index/parent_prefix_path/ur5e_surface_path
-- Installing: /home/iku/ur5e_ws/src/ur5e_surface_path/install/ur5e_surface_path/share/ur5e_surface_path/environment/ament_prefix_path.sh
-- Installing: /home/iku/ur5e_ws/src/ur5e_surface_path/install/ur5e_surface_path/share/ur5e_surface_path/environment/ament_prefix_path.dsv
-- Installing: /home/iku/ur5e_ws/src/ur5e_surface_path/install/ur5e_surface_path/share/ur5e_surface_path/environment/path.sh
-- Installing: /home/iku/ur5e_ws/src/ur5e_surface_path/install/ur5e_surface_path/share/ur5e_surface_path/environment/path.dsv
-- Installing: /home/iku/ur5e_ws/src/ur5e_surface_path/install/ur5e_surface_path/share/ur5e_surface_path/local_setup.bash
-- Installing: /home/iku/ur5e_ws/src/ur5e_surface_path/install/ur5e_surface_path/share/ur5e_surface_path/local_setup.sh
-- Installing: /home/iku/ur5e_ws/src/ur5e_surface_path/install/ur5e_surface_path/share/ur5e_surface_path/local_setup.zsh
-- Installing: /home/iku/ur5e_ws/src/ur5e_surface_path/install/ur5e_surface_path/share/ur5e_surface_path/local_setup.dsv
-- Installing: /home/iku/ur5e_ws/src/ur5e_surface_path/install/ur5e_surface_path/share/ur5e_surface_path/package.dsv
-- Installing: /home/iku/ur5e_ws/src/ur5e_surface_path/install/ur5e_surface_path/share/ament_index/resource_index/packages/ur5e_surface_path
-- Installing: /home/iku/ur5e_ws/src/ur5e_surface_path/install/ur5e_surface_path/share/ur5e_surface_path/cmake/ur5e_surface_pathConfig.cmake
-- Installing: /home/iku/ur5e_ws/src/ur5e_surface_path/install/ur5e_surface_path/share/ur5e_surface_path/cmake/ur5e_surface_pathConfig-version.cmake
-- Installing: /home/iku/ur5e_ws/src/ur5e_surface_path/install/ur5e_surface_path/share/ur5e_surface_path/package.xml
