[0.284s] DEBUG:colcon:Command line arguments: ['/usr/bin/colcon', 'build']
[0.285s] DEBUG:colcon:Parsed command line arguments: Namespace(log_base=None, log_level=None, verb_name='build', build_base='build', install_base='install', merge_install=False, symlink_install=False, test_result_base=None, continue_on_error=False, executor='parallel', parallel_workers=16, event_handlers=None, ignore_user_meta=False, metas=['./colcon.meta'], base_paths=['.'], packages_ignore=None, packages_ignore_regex=None, paths=None, packages_up_to=None, packages_up_to_regex=None, packages_above=None, packages_above_and_dependencies=None, packages_above_depth=None, packages_select_by_dep=None, packages_skip_by_dep=None, packages_skip_up_to=None, packages_select_build_failed=False, packages_skip_build_finished=False, packages_select_test_failures=False, packages_skip_test_passed=False, packages_select=None, packages_skip=None, packages_select_regex=None, packages_skip_regex=None, packages_start=None, packages_end=None, allow_overriding=[], cmake_args=None, cmake_target=None, cmake_target_skip_unavailable=False, cmake_clean_cache=False, cmake_clean_first=False, cmake_force_configure=False, ament_cmake_args=None, catkin_cmake_args=None, catkin_skip_building_tests=False, mixin_files=None, mixin=None, verb_parser=<colcon_mixin.mixin.mixin_argument.MixinArgumentDecorator object at 0x7ca2bc7c9b50>, verb_extension=<colcon_core.verb.build.BuildVerb object at 0x7ca2bc91e4b0>, main=<bound method BuildVerb.main of <colcon_core.verb.build.BuildVerb object at 0x7ca2bc91e4b0>>, mixin_verb=('build',))
[0.333s] Level 1:colcon.colcon_core.package_discovery:discover_packages(colcon_meta) check parameters
[0.333s] Level 1:colcon.colcon_core.package_discovery:discover_packages(recursive) check parameters
[0.333s] Level 1:colcon.colcon_core.package_discovery:discover_packages(ignore) check parameters
[0.333s] Level 1:colcon.colcon_core.package_discovery:discover_packages(path) check parameters
[0.333s] Level 1:colcon.colcon_core.package_discovery:discover_packages(colcon_meta) discover
[0.333s] Level 1:colcon.colcon_core.package_discovery:discover_packages(recursive) discover
[0.333s] INFO:colcon.colcon_core.package_discovery:Crawling recursively for packages in '/home/shauryachanana/ros2_ws/src/ur5e_surface_path'
[0.333s] Level 1:colcon.colcon_core.package_identification:_identify(.) by extensions ['ignore', 'ignore_ament_install']
[0.333s] Level 1:colcon.colcon_core.package_identification:_identify(.) by extension 'ignore'
[0.334s] Level 1:colcon.colcon_core.package_identification:_identify(.) by extension 'ignore_ament_install'
[0.334s] Level 1:colcon.colcon_core.package_identification:_identify(.) by extensions ['colcon_pkg']
[0.334s] Level 1:colcon.colcon_core.package_identification:_identify(.) by extension 'colcon_pkg'
[0.334s] Level 1:colcon.colcon_core.package_identification:_identify(.) by extensions ['colcon_meta']
[0.334s] Level 1:colcon.colcon_core.package_identification:_identify(.) by extension 'colcon_meta'
[0.334s] Level 1:colcon.colcon_core.package_identification:_identify(.) by extensions ['ros']
[0.334s] Level 1:colcon.colcon_core.package_identification:_identify(.) by extension 'ros'
[0.377s] DEBUG:colcon.colcon_core.package_identification:Package '.' with type 'ros.ament_cmake' and name 'ur5e_surface_path'
[0.377s] Level 1:colcon.colcon_core.package_discovery:discover_packages(recursive) using defaults
[0.377s] Level 1:colcon.colcon_core.package_discovery:discover_packages(ignore) discover
[0.377s] Level 1:colcon.colcon_core.package_discovery:discover_packages(ignore) using defaults
[0.377s] Level 1:colcon.colcon_core.package_discovery:discover_packages(path) discover
[0.377s] Level 1:colcon.colcon_core.package_discovery:discover_packages(path) using defaults
[0.401s] Level 1:colcon.colcon_core.package_discovery:discover_packages(prefix_path) check parameters
[0.401s] Level 1:colcon.colcon_core.package_discovery:discover_packages(prefix_path) discover
[0.404s] DEBUG:colcon.colcon_installed_package_information.package_discovery:Found 14 installed packages in /home/shauryachanana/ros2_ws/install
[0.406s] DEBUG:colcon.colcon_installed_package_information.package_discovery:Found 368 installed packages in /opt/ros/jazzy
[0.408s] Level 1:colcon.colcon_core.package_discovery:discover_packages(prefix_path) using defaults
[0.472s] Level 5:colcon.colcon_core.verb:set package 'ur5e_surface_path' build argument 'cmake_args' from command line to 'None'
[0.472s] Level 5:colcon.colcon_core.verb:set package 'ur5e_surface_path' build argument 'cmake_target' from command line to 'None'
[0.472s] Level 5:colcon.colcon_core.verb:set package 'ur5e_surface_path' build argument 'cmake_target_skip_unavailable' from command line to 'False'
[0.472s] Level 5:colcon.colcon_core.verb:set package 'ur5e_surface_path' build argument 'cmake_clean_cache' from command line to 'False'
[0.472s] Level 5:colcon.colcon_core.verb:set package 'ur5e_surface_path' build argument 'cmake_clean_first' from command line to 'False'
[0.472s] Level 5:colcon.colcon_core.verb:set package 'ur5e_surface_path' build argument 'cmake_force_configure' from command line to 'False'
[0.472s] Level 5:colcon.colcon_core.verb:set package 'ur5e_surface_path' build argument 'ament_cmake_args' from command line to 'None'
[0.472s] Level 5:colcon.colcon_core.verb:set package 'ur5e_surface_path' build argument 'catkin_cmake_args' from command line to 'None'
[0.472s] Level 5:colcon.colcon_core.verb:set package 'ur5e_surface_path' build argument 'catkin_skip_building_tests' from command line to 'False'
[0.472s] DEBUG:colcon.colcon_core.verb:Building package 'ur5e_surface_path' with the following arguments: {'ament_cmake_args': None, 'build_base': '/home/shauryachanana/ros2_ws/src/ur5e_surface_path/build/ur5e_surface_path', 'catkin_cmake_args': None, 'catkin_skip_building_tests': False, 'cmake_args': None, 'cmake_clean_cache': False, 'cmake_clean_first': False, 'cmake_force_configure': False, 'cmake_target': None, 'cmake_target_skip_unavailable': False, 'install_base': '/home/shauryachanana/ros2_ws/src/ur5e_surface_path/install/ur5e_surface_path', 'merge_install': False, 'path': '/home/shauryachanana/ros2_ws/src/ur5e_surface_path', 'symlink_install': False, 'test_result_base': None}
[0.472s] INFO:colcon.colcon_core.executor:Executing jobs using 'parallel' executor
[0.474s] DEBUG:colcon.colcon_parallel_executor.executor.parallel:run_until_complete
[0.475s] INFO:colcon.colcon_ros.task.ament_cmake.build:Building ROS package in '/home/shauryachanana/ros2_ws/src/ur5e_surface_path' with build type 'ament_cmake'
[0.475s] INFO:colcon.colcon_cmake.task.cmake.build:Building CMake package in '/home/shauryachanana/ros2_ws/src/ur5e_surface_path'
[0.478s] INFO:colcon.colcon_core.plugin_system:Skipping extension 'colcon_core.shell.bat': Not used on non-Windows systems
[0.478s] INFO:colcon.colcon_core.shell:Skip shell extension 'powershell' for command environment: Not usable outside of PowerShell
[0.478s] DEBUG:colcon.colcon_core.shell:Skip shell extension 'dsv' for command environment
[0.498s] DEBUG:colcon.colcon_core.event_handler.log_command:Invoking command in '/home/shauryachanana/ros2_ws/src/ur5e_surface_path/build/ur5e_surface_path': CMAKE_PREFIX_PATH=${CMAKE_PREFIX_PATH}:/home/shauryachanana/ros2_ws/install/pyexample:/opt/ros/jazzy DEBUGINFOD_URLS=https://debuginfod.ubuntu.com /usr/bin/cmake /home/shauryachanana/ros2_ws/src/ur5e_surface_path -DCMAKE_INSTALL_PREFIX=/home/shauryachanana/ros2_ws/src/ur5e_surface_path/install/ur5e_surface_path
[5.413s] DEBUG:colcon.colcon_core.event_handler.log_command:Invoked command in '/home/shauryachanana/ros2_ws/src/ur5e_surface_path/build/ur5e_surface_path' returned '1': CMAKE_PREFIX_PATH=${CMAKE_PREFIX_PATH}:/home/shauryachanana/ros2_ws/install/pyexample:/opt/ros/jazzy DEBUGINFOD_URLS=https://debuginfod.ubuntu.com /usr/bin/cmake /home/shauryachanana/ros2_ws/src/ur5e_surface_path -DCMAKE_INSTALL_PREFIX=/home/shauryachanana/ros2_ws/src/ur5e_surface_path/install/ur5e_surface_path
[5.445s] Level 1:colcon.colcon_core.environment:create_environment_scripts_only(ur5e_surface_path)
[5.451s] Level 1:colcon.colcon_core.environment:checking '/home/shauryachanana/ros2_ws/src/ur5e_surface_path/install/ur5e_surface_path' for CMake module files
[5.451s] Level 1:colcon.colcon_core.environment:checking '/home/shauryachanana/ros2_ws/src/ur5e_surface_path/install/ur5e_surface_path' for CMake config files
[5.452s] Level 1:colcon.colcon_core.environment:checking '/home/shauryachanana/ros2_ws/src/ur5e_surface_path/install/ur5e_surface_path/bin'
[5.452s] Level 1:colcon.colcon_core.environment:checking '/home/shauryachanana/ros2_ws/src/ur5e_surface_path/install/ur5e_surface_path/lib/pkgconfig/ur5e_surface_path.pc'
[5.452s] Level 1:colcon.colcon_core.environment:checking '/home/shauryachanana/ros2_ws/src/ur5e_surface_path/install/ur5e_surface_path/lib/python3.12/site-packages'
[5.453s] Level 1:colcon.colcon_core.environment:checking '/home/shauryachanana/ros2_ws/src/ur5e_surface_path/install/ur5e_surface_path/bin'
[5.453s] INFO:colcon.colcon_core.shell:Creating package script '/home/shauryachanana/ros2_ws/src/ur5e_surface_path/install/ur5e_surface_path/share/ur5e_surface_path/package.ps1'
[5.455s] INFO:colcon.colcon_core.shell:Creating package descriptor '/home/shauryachanana/ros2_ws/src/ur5e_surface_path/install/ur5e_surface_path/share/ur5e_surface_path/package.dsv'
[5.456s] INFO:colcon.colcon_core.shell:Creating package script '/home/shauryachanana/ros2_ws/src/ur5e_surface_path/install/ur5e_surface_path/share/ur5e_surface_path/package.sh'
[5.457s] INFO:colcon.colcon_core.shell:Creating package script '/home/shauryachanana/ros2_ws/src/ur5e_surface_path/install/ur5e_surface_path/share/ur5e_surface_path/package.bash'
[5.458s] INFO:colcon.colcon_core.shell:Creating package script '/home/shauryachanana/ros2_ws/src/ur5e_surface_path/install/ur5e_surface_path/share/ur5e_surface_path/package.zsh'
[5.458s] Level 1:colcon.colcon_core.environment:create_file_with_runtime_dependencies(/home/shauryachanana/ros2_ws/src/ur5e_surface_path/install/ur5e_surface_path/share/colcon-core/packages/ur5e_surface_path)
[5.469s] DEBUG:colcon.colcon_parallel_executor.executor.parallel:closing loop
[5.469s] DEBUG:colcon.colcon_parallel_executor.executor.parallel:loop closed
[5.470s] DEBUG:colcon.colcon_parallel_executor.executor.parallel:run_until_complete finished with '1'
[5.470s] DEBUG:colcon.colcon_core.event_reactor:joining thread
[5.481s] INFO:colcon.colcon_core.plugin_system:Skipping extension 'colcon_notification.desktop_notification.terminal_notifier': Not used on non-Darwin systems
[5.481s] INFO:colcon.colcon_core.plugin_system:Skipping extension 'colcon_notification.desktop_notification.win32': Not used on non-Windows systems
[5.481s] INFO:colcon.colcon_notification.desktop_notification:Sending desktop notification using 'notify2'
[5.512s] DEBUG:colcon.colcon_core.event_reactor:joined thread
[5.513s] INFO:colcon.colcon_core.shell:Creating prefix script '/home/shauryachanana/ros2_ws/src/ur5e_surface_path/install/local_setup.ps1'
[5.515s] INFO:colcon.colcon_core.shell:Creating prefix util module '/home/shauryachanana/ros2_ws/src/ur5e_surface_path/install/_local_setup_util_ps1.py'
[5.518s] INFO:colcon.colcon_core.shell:Creating prefix chain script '/home/shauryachanana/ros2_ws/src/ur5e_surface_path/install/setup.ps1'
[5.523s] INFO:colcon.colcon_core.shell:Creating prefix script '/home/shauryachanana/ros2_ws/src/ur5e_surface_path/install/local_setup.sh'
[5.525s] INFO:colcon.colcon_core.shell:Creating prefix util module '/home/shauryachanana/ros2_ws/src/ur5e_surface_path/install/_local_setup_util_sh.py'
[5.526s] INFO:colcon.colcon_core.shell:Creating prefix chain script '/home/shauryachanana/ros2_ws/src/ur5e_surface_path/install/setup.sh'
[5.531s] INFO:colcon.colcon_core.shell:Creating prefix script '/home/shauryachanana/ros2_ws/src/ur5e_surface_path/install/local_setup.bash'
[5.532s] INFO:colcon.colcon_core.shell:Creating prefix chain script '/home/shauryachanana/ros2_ws/src/ur5e_surface_path/install/setup.bash'
[5.536s] INFO:colcon.colcon_core.shell:Creating prefix script '/home/shauryachanana/ros2_ws/src/ur5e_surface_path/install/local_setup.zsh'
[5.537s] INFO:colcon.colcon_core.shell:Creating prefix chain script '/home/shauryachanana/ros2_ws/src/ur5e_surface_path/install/setup.zsh'
